<?xml version="1.0" encoding="UTF-8"?>
<!-- Generated by org.testng.reporters.JUnitReportReporter -->
<testsuite hostname="DESKTOP-U3DCCJL" failures="0" tests="3" name="com.runner.Runner" time="274.827" errors="0" timestamp="2024-06-15T20:33:28 IST" skipped="0">
  <testcase classname="com.runner.Runner" name="runScenario" time="12.275"/>
  <testcase classname="com.runner.Runner" name="runScenario" time="14.160"/>
  <testcase classname="com.runner.Runner" name="runScenario" time="248.392"/>
</testsuite> <!-- com.runner.Runner -->
